Arguments: 
  /Users/kam/.nvm/versions/node/v10.16.0/bin/node /Users/kam/.nvm/versions/node/v10.16.0/bin/yarn add --dev stylelint style-config-sass-guidelines stylelint-config-prettier stylelint-prettier prettier

PATH: 
  /usr/local/mysql/bin:/usr/local/bin:/usr/local/sbin:/Users/kam/bin:/Users/kam/.nvm/versions/node/v10.16.0/bin:/Users/kam/.rvm/gems/ruby-2.5.1/bin:/Users/kam/.rvm/gems/ruby-2.5.1@global/bin:/Users/kam/.rvm/rubies/ruby-2.5.1/bin:/Users/kam/.nvm/versions/node/v10.16.0/bin:/usr/local/bin:/usr/bin:/bin:/usr/sbin:/sbin:/usr/local/MacGPG2/bin:/opt/X11/bin:/opt/ImageMagick/bin:/usr/local/mysql/bin:/Users/kam/google-cloud-sdk/bin:/usr/local/sbin:/Users/kam/bin:/Users/kam/.rvm/gems/ruby-2.5.1/bin:/Users/kam/.rvm/gems/ruby-2.5.1@global/bin:/Users/kam/.rvm/rubies/ruby-2.5.1/bin:/Users/kam/.nvm/versions/node/v10.16.0/bin:/Users/kam/.rvm/bin

Yarn version: 
  1.22.10

Node version: 
  10.16.0

Platform: 
  darwin x64

Trace: 
  Error: https://registry.yarnpkg.com/style-config-sass-guidelines: Not found
      at Request.params.callback [as _callback] (/Users/kam/.nvm/versions/node/v10.16.0/lib/node_modules/yarn/lib/cli.js:66988:18)
      at Request.self.callback (/Users/kam/.nvm/versions/node/v10.16.0/lib/node_modules/yarn/lib/cli.js:140662:22)
      at Request.emit (events.js:198:13)
      at Request.<anonymous> (/Users/kam/.nvm/versions/node/v10.16.0/lib/node_modules/yarn/lib/cli.js:141634:10)
      at Request.emit (events.js:198:13)
      at IncomingMessage.<anonymous> (/Users/kam/.nvm/versions/node/v10.16.0/lib/node_modules/yarn/lib/cli.js:141556:12)
      at Object.onceWrapper (events.js:286:20)
      at IncomingMessage.emit (events.js:203:15)
      at endReadableNT (_stream_readable.js:1129:12)
      at process._tickCallback (internal/process/next_tick.js:63:19)

npm manifest: 
  {
    "name": "@figolue/scss",
    "version": "1.0.0",
    "main": "index.js",
    "license": "MIT",
    "dependencies": {
      "normalize-scss": "^7.0.1"
    }
  }

yarn manifest: 
  No manifest

Lockfile: 
  # THIS IS AN AUTOGENERATED FILE. DO NOT EDIT THIS FILE DIRECTLY.
  # yarn lockfile v1
  
  
  normalize-scss@^7.0.1:
    version "7.0.1"
    resolved "https://registry.yarnpkg.com/normalize-scss/-/normalize-scss-7.0.1.tgz#74485e82bb5d0526371136422a09fdb868ffc1a4"
    integrity sha512-qj16bWnYs+9/ac29IgGjySg4R5qQTp1lXfm7ApFOZNVBYFY8RZ3f8+XQNDDLHeDtI3Ba7Jj4+LuPgz9v/fne2A==
